<?xml version="1.0" encoding="UTF-8"?>
<!-- Generated by org.testng.reporters.JUnitReportReporter -->
<testsuite hostname="Collaberas-MacBook-Pro.local" failures="0" tests="3" name="test.Preferences" time="36.296" errors="0" timestamp="2023-05-04T13:43:26 PST" skipped="0">
  <testcase classname="test.Preferences" name="wifiSettings" time="10.369"/>
  <system-out/>
  <testcase classname="test.Preferences" name="Preference" time="13.344"/>
  <system-out/>
  <testcase classname="test.Preferences" name="Launching" time="12.583"/>
  <system-out/>
</testsuite> <!-- test.Preferences -->
