<?xml version="1.0" encoding="UTF-8"?>
<!-- Generated by org.testng.reporters.JUnitReportReporter -->
<testsuite hostname="Collaberas-MacBook-Pro.local" failures="0" tests="1" name="ios.Slider" time="2.133" errors="0" timestamp="2023-05-24T10:53:28 PST" skipped="0">
  <testcase classname="ios.Slider" name="slider1" time="2.133"/>
  <system-out/>
</testsuite> <!-- ios.Slider -->
